# JRE version: OpenJDK Runtime Environment (17.0.10) (build 17.0.10+0--11572160)
# Java VM: OpenJDK 64-Bit Server VM (17.0.10+0--11572160, mixed mode, tiered, compressed oops, compressed class ptrs, g1 gc, windows-amd64)
GC Precious Log:
 CPUs: 4 total, 4 available
 Memory: 16256M
 Large Page Support: Disabled
 NUMA Support: Disabled
 Compressed Oops: Enabled (32-bit)
 Heap Region Size: 1M
 Heap Min Capacity: 8M
 Heap Initial Capacity: 256M
 Heap Max Capacity: 2G
 Pre-touch: Disabled
 Parallel Workers: 4
 Concurrent Workers: 1
 Concurrent Refinement Workers: 4
 Periodic GC: Disabled
Heap:
 garbage-first heap   total 384000K, used 173934K [0x0000000080000000, 0x0000000100000000)
  region size 1024K, 11 young (11264K), 7 survivors (7168K)
 Metaspace       used 152687K, committed 153408K, reserved 1245184K
  class space    used 18538K, committed 18880K, reserved 1048576K
GC Heap History (20 events):
Event: 86.017 GC heap before
{Heap before GC invocations=129 (full 0):
 garbage-first heap   total 384000K, used 330999K [0x0000000080000000, 0x0000000100000000)
  region size 1024K, 178 young (182272K), 9 survivors (9216K)
 Metaspace       used 126898K, committed 127552K, reserved 1179648K
  class space    used 15148K, committed 15424K, reserved 1048576K
}
Event: 86.024 GC heap after
{Heap after GC invocations=130 (full 0):
 garbage-first heap   total 384000K, used 158967K [0x0000000080000000, 0x0000000100000000)
  region size 1024K, 10 young (10240K), 10 survivors (10240K)
 Metaspace       used 126898K, committed 127552K, reserved 1179648K
  class space    used 15148K, committed 15424K, reserved 1048576K
}
Event: 86.410 GC heap before
{Heap before GC invocations=130 (full 0):
 garbage-first heap   total 384000K, used 340215K [0x0000000080000000, 0x0000000100000000)
  region size 1024K, 180 young (184320K), 10 survivors (10240K)
 Metaspace       used 127491K, committed 128128K, reserved 1179648K
  class space    used 15200K, committed 15488K, reserved 1048576K
}
Event: 86.416 GC heap after
{Heap after GC invocations=131 (full 0):
 garbage-first heap   total 384000K, used 157381K [0x0000000080000000, 0x0000000100000000)
  region size 1024K, 9 young (9216K), 9 survivors (9216K)
 Metaspace       used 127491K, committed 128128K, reserved 1179648K
  class space    used 15200K, committed 15488K, reserved 1048576K
}
Event: 86.695 GC heap before
{Heap before GC invocations=131 (full 0):
 garbage-first heap   total 384000K, used 333509K [0x0000000080000000, 0x0000000100000000)
  region size 1024K, 181 young (185344K), 9 survivors (9216K)
 Metaspace       used 127491K, committed 128128K, reserved 1179648K
  class space    used 15200K, committed 15488K, reserved 1048576K
}
Event: 86.702 GC heap after
{Heap after GC invocations=132 (full 0):
 garbage-first heap   total 384000K, used 159991K [0x0000000080000000, 0x0000000100000000)
  region size 1024K, 11 young (11264K), 11 survivors (11264K)
 Metaspace       used 127491K, committed 128128K, reserved 1179648K
  class space    used 15200K, committed 15488K, reserved 1048576K
}
Event: 87.012 GC heap before
{Heap before GC invocations=132 (full 0):
 garbage-first heap   total 384000K, used 333047K [0x0000000080000000, 0x0000000100000000)
  region size 1024K, 180 young (184320K), 11 survivors (11264K)
 Metaspace       used 127491K, committed 128128K, reserved 1179648K
  class space    used 15200K, committed 15488K, reserved 1048576K
}
Event: 87.021 GC heap after
{Heap after GC invocations=133 (full 0):
 garbage-first heap   total 384000K, used 162520K [0x0000000080000000, 0x0000000100000000)
  region size 1024K, 14 young (14336K), 14 survivors (14336K)
 Metaspace       used 127491K, committed 128128K, reserved 1179648K
  class space    used 15200K, committed 15488K, reserved 1048576K
}
Event: 87.428 GC heap before
{Heap before GC invocations=133 (full 0):
 garbage-first heap   total 384000K, used 329432K [0x0000000080000000, 0x0000000100000000)
  region size 1024K, 177 young (181248K), 14 survivors (14336K)
 Metaspace       used 127501K, committed 128128K, reserved 1179648K
  class space    used 15202K, committed 15488K, reserved 1048576K
}
Event: 87.439 GC heap after
{Heap after GC invocations=134 (full 0):
 garbage-first heap   total 384000K, used 148387K [0x0000000080000000, 0x0000000100000000)
  region size 1024K, 2 young (2048K), 2 survivors (2048K)
 Metaspace       used 127501K, committed 128128K, reserved 1179648K
  class space    used 15202K, committed 15488K, reserved 1048576K
}
Event: 87.877 GC heap before
{Heap before GC invocations=134 (full 0):
 garbage-first heap   total 384000K, used 342947K [0x0000000080000000, 0x0000000100000000)
  region size 1024K, 185 young (189440K), 2 survivors (2048K)
 Metaspace       used 127522K, committed 128192K, reserved 1179648K
  class space    used 15202K, committed 15488K, reserved 1048576K
}
Event: 87.880 GC heap after
{Heap after GC invocations=135 (full 0):
 garbage-first heap   total 384000K, used 147875K [0x0000000080000000, 0x0000000100000000)
  region size 1024K, 1 young (1024K), 1 survivors (1024K)
 Metaspace       used 127522K, committed 128192K, reserved 1179648K
  class space    used 15202K, committed 15488K, reserved 1048576K
}
Event: 90.193 GC heap before
{Heap before GC invocations=135 (full 0):
 garbage-first heap   total 384000K, used 345507K [0x0000000080000000, 0x0000000100000000)
  region size 1024K, 186 young (190464K), 1 survivors (1024K)
 Metaspace       used 132868K, committed 133568K, reserved 1179648K
  class space    used 15939K, committed 16256K, reserved 1048576K
}
Event: 90.205 GC heap after
{Heap after GC invocations=136 (full 0):
 garbage-first heap   total 384000K, used 171810K [0x0000000080000000, 0x0000000100000000)
  region size 1024K, 18 young (18432K), 18 survivors (18432K)
 Metaspace       used 132868K, committed 133568K, reserved 1179648K
  class space    used 15939K, committed 16256K, reserved 1048576K
}
Event: 93.162 GC heap before
{Heap before GC invocations=136 (full 0):
 garbage-first heap   total 384000K, used 322338K [0x0000000080000000, 0x0000000100000000)
  region size 1024K, 164 young (167936K), 18 survivors (18432K)
 Metaspace       used 138290K, committed 138880K, reserved 1179648K
  class space    used 16635K, committed 16896K, reserved 1048576K
}
Event: 93.171 GC heap after
{Heap after GC invocations=137 (full 0):
 garbage-first heap   total 384000K, used 165742K [0x0000000080000000, 0x0000000100000000)
  region size 1024K, 2 young (2048K), 2 survivors (2048K)
 Metaspace       used 138290K, committed 138880K, reserved 1179648K
  class space    used 16635K, committed 16896K, reserved 1048576K
}
Event: 96.677 GC heap before
{Heap before GC invocations=137 (full 0):
 garbage-first heap   total 384000K, used 324462K [0x0000000080000000, 0x0000000100000000)
  region size 1024K, 158 young (161792K), 2 survivors (2048K)
 Metaspace       used 150374K, committed 151104K, reserved 1245184K
  class space    used 18245K, committed 18624K, reserved 1048576K
}
Event: 96.684 GC heap after
{Heap after GC invocations=138 (full 0):
 garbage-first heap   total 384000K, used 173252K [0x0000000080000000, 0x0000000100000000)
  region size 1024K, 10 young (10240K), 10 survivors (10240K)
 Metaspace       used 150374K, committed 151104K, reserved 1245184K
  class space    used 18245K, committed 18624K, reserved 1048576K
}
Event: 97.620 GC heap before
{Heap before GC invocations=138 (full 0):
 garbage-first heap   total 384000K, used 248004K [0x0000000080000000, 0x0000000100000000)
  region size 1024K, 83 young (84992K), 10 survivors (10240K)
 Metaspace       used 152362K, committed 153088K, reserved 1245184K
  class space    used 18509K, committed 18880K, reserved 1048576K
}
Event: 97.626 GC heap after
{Heap after GC invocations=139 (full 0):
 garbage-first heap   total 384000K, used 170862K [0x0000000080000000, 0x0000000100000000)
  region size 1024K, 7 young (7168K), 7 survivors (7168K)
 Metaspace       used 152362K, committed 153088K, reserved 1245184K
  class space    used 18509K, committed 18880K, reserved 1048576K
}

